1	लेकिन	लेकिन	CC:लेकिन	0	ROOT
2	ईमानदारी	ईमानदारी	NN	0	ROOT
3	से	से	PSP:से	2	lwg__psp
4	,	,	,	2	rsym
5	अगर	अगर	CC:अगर	0	ROOT
6	इसमें	इसमें	PRP	13	k7
7	तेज	तेज	JJ	13	k1
8	डाटा	डाटा	XC	13	k1
9	ट्रांसफर	ट्रांसफर	XC	13	k1
10	मोड-	मोड-	XC	13	k1
11	यूएसबी	यूएसबी	NNP	13	k1
12	होस्ट	होस्ट	NN	13	pof
13	होता	हो	VM	5	ccof
14	,	,	,	13	rsym
15	तो	तो	CC:तो	0	ROOT
16	आप	आप	PRP	34	k1
17	ब्लूटूथ	ब्लूटूथ	NN	22	k7
18	के	का	PSP:का	17	lwg__psp
19	बारे	बारे	PSP:बारे	17	lwg__psp
20	में	में	PSP:में	17	lwg__psp
21	क्यों	क्यों	WQ	22	adv
22	सोचते	सोच	VM	34	vmod
23	इस	इस	DEM	24	nmod__adj
24	टेबलेट	टेबलेट	NN	27	r6
25	के	का	PSP:का	24	lwg__psp
26	निचले	निचला	JJ	27	nmod__adj
27	हिस्से	हिस्सा	NN	34	k7
28	में	में	PSP:में	27	lwg__psp
29	चार्जिंग	चार्जिंग	XC	30	mod
30	पोर्ट	पोर्ट	NN	31	ccof
31	और	और	CC:और	34	k7p
32	दो	दो	QC	33	nmod__adj
33	स्पीकर्स	स्पीकर्स	NN	31	ccof
34	हैं	है	VM	15	ccof
35	.	.	.	34	rsym


