1	ग्राफिक्स	ग्राफिक्स	XC	2	mod
2	कार्ड	कार्ड	NN	0	ROOT
3	स्थापित	स्थापित	JJ	4	ccof
4	और	और	CC:और	0	ROOT
5	समर्पित	समर्पित	JJ	6	nmod__adj
6	स्मृति	स्मृति	NN	4	ccof
7	के	का	PSP:का	6	lwg__psp
8	2	2	QC	9	nmod__adj
9	GB	GB	NN	0	ROOT
10	के	का	PSP:का	9	lwg__psp
11	साथ	साथ	NST	9	lwg__psp
12	इंटेल	इंटेल	XC	16	mod
13	HD	HD	NNP	16	mod
14	असतत	असतत	JJ	16	mod
15	NVIDIA	NVIDIA	NN	16	mod
16	GeForce	GeForce	NN	0	ROOT
17	जी	जी	RP	16	lwg__rp
18	.	.	.	16	rsym

1	टी	टी	RP	0	main
2	.	.	.	1	rsym

1	740	740	QC	2	nmod__adj
2	M	M	NN	3	k1
3	है	है	VM	6	k2
4	,	,	,	3	rsym
5	अच्छा	अच्छा	JJ	6	pof
6	कर	कर	VM	0	main
7	रहे	रह	VAUX	6	lwg__vaux
8	हैं	है	VAUX	6	lwg__vaux
9	.	.	.	6	rsym


